1704305339.166338 client started (7350): version 3.0a, socket /tmp/tmux-1000/default, protocol 8
1704305339.166361 on Linux 5.10.102.1-microsoft-standard-WSL2 #1 SMP Wed Mar 2 00:30:59 UTC 2022; libevent 2.1.11-stable (poll)
1704305339.166373 socket is /tmp/tmux-1000/default
1704305339.166381 trying connect
1704305339.166392 connect failed: Connection refused
1704305339.166399 lock file is /tmp/tmux-1000/default.lock
1704305339.166425 flock succeeded
1704305339.166429 got lock (6)
1704305339.166433 trying connect
1704305339.166438 connect failed: Connection refused
1704305339.166591 add peer 0x559824c1ffe0: 7 ((nil))
1704305339.166692 sending message 100 to peer 0x559824c1ffe0 (4 bytes)
1704305339.166701 sending message 101 to peer 0x559824c1ffe0 (15 bytes)
1704305339.166705 sending message 102 to peer 0x559824c1ffe0 (11 bytes)
1704305339.166718 sending message 108 to peer 0x559824c1ffe0 (23 bytes)
1704305339.166722 sending message 104 to peer 0x559824c1ffe0 (0 bytes)
1704305339.166726 sending message 107 to peer 0x559824c1ffe0 (4 bytes)
1704305339.166729 sending message 105 to peer 0x559824c1ffe0 (16 bytes)
1704305339.166733 sending message 105 to peer 0x559824c1ffe0 (23 bytes)
1704305339.166736 sending message 105 to peer 0x559824c1ffe0 (48 bytes)
1704305339.166740 sending message 105 to peer 0x559824c1ffe0 (11 bytes)
1704305339.166743 sending message 105 to peer 0x559824c1ffe0 (16 bytes)
1704305339.166747 sending message 105 to peer 0x559824c1ffe0 (27 bytes)
1704305339.166750 sending message 105 to peer 0x559824c1ffe0 (12 bytes)
1704305339.166754 sending message 105 to peer 0x559824c1ffe0 (15 bytes)
1704305339.166757 sending message 105 to peer 0x559824c1ffe0 (13 bytes)
1704305339.166761 sending message 105 to peer 0x559824c1ffe0 (34 bytes)
1704305339.166764 sending message 105 to peer 0x559824c1ffe0 (1506 bytes)
1704305339.166773 sending message 105 to peer 0x559824c1ffe0 (20 bytes)
1704305339.166776 sending message 105 to peer 0x559824c1ffe0 (38 bytes)
1704305339.166780 sending message 105 to peer 0x559824c1ffe0 (27 bytes)
1704305339.166783 sending message 105 to peer 0x559824c1ffe0 (38 bytes)
1704305339.166787 sending message 105 to peer 0x559824c1ffe0 (34 bytes)
1704305339.166790 sending message 105 to peer 0x559824c1ffe0 (20 bytes)
1704305339.166794 sending message 105 to peer 0x559824c1ffe0 (32 bytes)
1704305339.166797 sending message 105 to peer 0x559824c1ffe0 (9 bytes)
1704305339.166801 sending message 105 to peer 0x559824c1ffe0 (8 bytes)
1704305339.166804 sending message 105 to peer 0x559824c1ffe0 (33 bytes)
1704305339.166808 sending message 105 to peer 0x559824c1ffe0 (65 bytes)
1704305339.166811 sending message 105 to peer 0x559824c1ffe0 (1417 bytes)
1704305339.166816 sending message 105 to peer 0x559824c1ffe0 (16 bytes)
1704305339.166819 sending message 105 to peer 0x559824c1ffe0 (53 bytes)
1704305339.166822 sending message 105 to peer 0x559824c1ffe0 (36 bytes)
1704305339.166826 sending message 105 to peer 0x559824c1ffe0 (16 bytes)
1704305339.166829 sending message 105 to peer 0x559824c1ffe0 (25 bytes)
1704305339.166833 sending message 106 to peer 0x559824c1ffe0 (0 bytes)
1704305339.166836 sending message 200 to peer 0x559824c1ffe0 (4 bytes)
1704305339.166840 client loop enter
1704305339.206546 peer 0x559824c1ffe0 message 207
1704305339.206559 sending message 208 to peer 0x559824c1ffe0 (0 bytes)
1704305346.287385 peer 0x559824c1ffe0 message 203
1704305346.287405 sending message 205 to peer 0x559824c1ffe0 (0 bytes)
1704305346.287677 peer 0x559824c1ffe0 message 204
1704305346.287692 client loop exit
